{"/home/ben/Desktop/kumojin test/backend/server.js": {"path":"/home/ben/Desktop/kumojin test/backend/server.js","statementMap":{"0":{"start":{"line":1,"column":16},"end":{"line":1,"column":34}},"1":{"start":{"line":2,"column":13},"end":{"line":2,"column":28}},"2":{"start":{"line":3,"column":21},"end":{"line":3,"column":47}},"3":{"start":{"line":5,"column":12},"end":{"line":5,"column":21}},"4":{"start":{"line":7,"column":0},"end":{"line":7,"column":16}},"5":{"start":{"line":8,"column":0},"end":{"line":8,"column":24}},"6":{"start":{"line":9,"column":0},"end":{"line":9,"column":33}},"7":{"start":{"line":11,"column":0},"end":{"line":11,"column":21}},"8":{"start":{"line":13,"column":0},"end":{"line":20,"column":1}},"9":{"start":{"line":14,"column":15},"end":{"line":14,"column":19}},"10":{"start":{"line":15,"column":17},"end":{"line":17,"column":4}},"11":{"start":{"line":16,"column":4},"end":{"line":16,"column":53}},"12":{"start":{"line":19,"column":2},"end":{"line":19,"column":33}}},"fnMap":{"0":{"name":"(anonymous_0)","decl":{"start":{"line":15,"column":34},"end":{"line":15,"column":35}},"loc":{"start":{"line":15,"column":40},"end":{"line":17,"column":3}},"line":15}},"branchMap":{"0":{"loc":{"start":{"line":13,"column":0},"end":{"line":20,"column":1}},"type":"if","locations":[{"start":{"line":13,"column":0},"end":{"line":20,"column":1}},{"start":{},"end":{}}],"line":13}},"s":{"0":1,"1":1,"2":1,"3":1,"4":1,"5":1,"6":1,"7":1,"8":1,"9":0,"10":0,"11":0,"12":0},"f":{"0":0},"b":{"0":[0,1]},"_coverageSchema":"1a1c01bbd47fc00a2c39e90264f33305004495a9","hash":"a50170b9ea1c5b9c15264e50c44b782579b8fc9d"}
,"/home/ben/Desktop/kumojin test/backend/models/Event.js": {"path":"/home/ben/Desktop/kumojin test/backend/models/Event.js","statementMap":{"0":{"start":{"line":1,"column":15},"end":{"line":1,"column":41}},"1":{"start":{"line":5,"column":4},"end":{"line":5,"column":21}},"2":{"start":{"line":6,"column":4},"end":{"line":6,"column":35}},"3":{"start":{"line":7,"column":4},"end":{"line":7,"column":52}},"4":{"start":{"line":8,"column":4},"end":{"line":8,"column":48}},"5":{"start":{"line":12,"column":0},"end":{"line":12,"column":23}}},"fnMap":{"0":{"name":"(anonymous_0)","decl":{"start":{"line":4,"column":2},"end":{"line":4,"column":3}},"loc":{"start":{"line":4,"column":63},"end":{"line":9,"column":3}},"line":4}},"branchMap":{},"s":{"0":1,"1":1,"2":1,"3":1,"4":1,"5":1},"f":{"0":1},"b":{},"_coverageSchema":"1a1c01bbd47fc00a2c39e90264f33305004495a9","hash":"ffa113e7cb54f757f97fe3c90efb918d264586f8"}
,"/home/ben/Desktop/kumojin test/backend/routes/events.js": {"path":"/home/ben/Desktop/kumojin test/backend/routes/events.js","statementMap":{"0":{"start":{"line":1,"column":16},"end":{"line":1,"column":34}},"1":{"start":{"line":2,"column":15},"end":{"line":2,"column":31}},"2":{"start":{"line":3,"column":14},"end":{"line":3,"column":40}},"3":{"start":{"line":5,"column":15},"end":{"line":5,"column":17}},"4":{"start":{"line":8,"column":0},"end":{"line":13,"column":3}},"5":{"start":{"line":9,"column":62},"end":{"line":9,"column":70}},"6":{"start":{"line":10,"column":19},"end":{"line":10,"column":77}},"7":{"start":{"line":11,"column":2},"end":{"line":11,"column":24}},"8":{"start":{"line":12,"column":2},"end":{"line":12,"column":21}},"9":{"start":{"line":16,"column":0},"end":{"line":18,"column":3}},"10":{"start":{"line":17,"column":2},"end":{"line":17,"column":19}},"11":{"start":{"line":20,"column":0},"end":{"line":20,"column":24}}},"fnMap":{"0":{"name":"(anonymous_0)","decl":{"start":{"line":8,"column":17},"end":{"line":8,"column":18}},"loc":{"start":{"line":8,"column":31},"end":{"line":13,"column":1}},"line":8},"1":{"name":"(anonymous_1)","decl":{"start":{"line":16,"column":16},"end":{"line":16,"column":17}},"loc":{"start":{"line":16,"column":30},"end":{"line":18,"column":1}},"line":16}},"branchMap":{},"s":{"0":1,"1":1,"2":1,"3":1,"4":1,"5":1,"6":1,"7":1,"8":1,"9":1,"10":1,"11":1},"f":{"0":1,"1":1},"b":{},"_coverageSchema":"1a1c01bbd47fc00a2c39e90264f33305004495a9","hash":"31bbf749e7c6c5ec73f020e62ba43d7b60b02ff9"}
}
